<?xml version="1.0" encoding="UTF-8"?>
<!-- Generated by org.testng.reporters.JUnitReportReporter -->
<testsuite hostname="LAPTOP-5HKS8EQG" name="scripts.TestScripts" tests="8" failures="0" timestamp="16 Aug 2019 08:18:15 GMT" time="391.920" errors="0">
  <testcase name="selectASizeForProduct" time="69.688" classname="scripts.TestScripts"/>
  <testcase name="productPurchase" time="39.448" classname="scripts.TestScripts"/>
  <testcase name="removeProductFromCart" time="34.991" classname="scripts.TestScripts"/>
  <testcase name="selectAColorForProduct" time="63.275" classname="scripts.TestScripts"/>
  <testcase name="productSearchAndPurchase" time="53.402" classname="scripts.TestScripts"/>
  <testcase name="viewProductInListMode" time="31.179" classname="scripts.TestScripts"/>
  <testcase name="incrementProductQuantityInSummary" time="36.838" classname="scripts.TestScripts"/>
  <testcase name="sortProductByLowestPrice" time="63.099" classname="scripts.TestScripts"/>
</testsuite> <!-- scripts.TestScripts -->
