<?xml version="1.0" encoding="UTF-8"?>
<!-- Generated by org.testng.reporters.JUnitReportReporter -->
<testsuite hostname="LAPTOP-5HKS8EQG" name="scripts.TestScripts" tests="8" failures="0" timestamp="16 Aug 2019 08:47:45 GMT" time="422.765" errors="0">
  <testcase name="removeProductFromCart" time="35.681" classname="scripts.TestScripts"/>
  <testcase name="selectASizeForProduct" time="57.166" classname="scripts.TestScripts"/>
  <testcase name="sortProductByLowestPrice" time="43.829" classname="scripts.TestScripts"/>
  <testcase name="incrementProductQuantityInSummary" time="59.106" classname="scripts.TestScripts"/>
  <testcase name="selectAColorForProduct" time="66.831" classname="scripts.TestScripts"/>
  <testcase name="productSearchAndPurchase" time="45.007" classname="scripts.TestScripts"/>
  <testcase name="viewProductInListMode" time="65.341" classname="scripts.TestScripts"/>
  <testcase name="productPurchase" time="49.804" classname="scripts.TestScripts"/>
</testsuite> <!-- scripts.TestScripts -->
